<?xml version="1.0" encoding="UTF-8"?>
<coverage generated="1755868347942" clover="3.2.0">
  <project timestamp="1755868347943" name="All files">
    <metrics statements="53" coveredstatements="25" conditionals="14" coveredconditionals="11" methods="13" coveredmethods="7" elements="80" coveredelements="43" complexity="0" loc="53" ncloc="53" packages="1" files="3" classes="3"/>
    <file name="juego.controller.ts" path="C:\Users\user\Desktop\dsw-poc-jest\pruebas\src\juego.controller.ts">
      <metrics statements="36" coveredstatements="9" conditionals="2" coveredconditionals="0" methods="7" coveredmethods="1"/>
      <line num="2" count="1" type="stmt"/>
      <line num="3" count="1" type="stmt"/>
      <line num="11" count="0" type="stmt"/>
      <line num="22" count="0" type="stmt"/>
      <line num="23" count="0" type="cond" truecount="0" falsecount="2"/>
      <line num="24" count="0" type="stmt"/>
      <line num="27" count="0" type="stmt"/>
      <line num="30" count="1" type="stmt"/>
      <line num="33" count="0" type="stmt"/>
      <line num="34" count="0" type="stmt"/>
      <line num="39" count="0" type="stmt"/>
      <line num="41" count="0" type="stmt"/>
      <line num="46" count="2" type="stmt"/>
      <line num="47" count="2" type="stmt"/>
      <line num="48" count="2" type="stmt"/>
      <line num="53" count="1" type="stmt"/>
      <line num="55" count="1" type="stmt"/>
      <line num="60" count="0" type="stmt"/>
      <line num="61" count="0" type="stmt"/>
      <line num="62" count="0" type="stmt"/>
      <line num="63" count="0" type="stmt"/>
      <line num="65" count="0" type="stmt"/>
      <line num="70" count="0" type="stmt"/>
      <line num="71" count="0" type="stmt"/>
      <line num="72" count="0" type="stmt"/>
      <line num="73" count="0" type="stmt"/>
      <line num="74" count="0" type="stmt"/>
      <line num="75" count="0" type="stmt"/>
      <line num="79" count="0" type="stmt"/>
      <line num="84" count="0" type="stmt"/>
      <line num="85" count="0" type="stmt"/>
      <line num="86" count="0" type="stmt"/>
      <line num="87" count="0" type="stmt"/>
      <line num="88" count="0" type="stmt"/>
      <line num="90" count="0" type="stmt"/>
      <line num="94" count="1" type="stmt"/>
    </file>
    <file name="juego.entity.ts" path="C:\Users\user\Desktop\dsw-poc-jest\pruebas\src\juego.entity.ts">
      <metrics statements="2" coveredstatements="2" conditionals="0" coveredconditionals="0" methods="1" coveredmethods="1"/>
      <line num="2" count="1" type="stmt"/>
      <line num="4" count="1" type="stmt"/>
    </file>
    <file name="todos.ts" path="C:\Users\user\Desktop\dsw-poc-jest\pruebas\src\todos.ts">
      <metrics statements="15" coveredstatements="14" conditionals="12" coveredconditionals="11" methods="5" coveredmethods="5"/>
      <line num="1" count="1" type="stmt"/>
      <line num="5" count="5" type="stmt"/>
      <line num="9" count="4" type="cond" truecount="4" falsecount="0"/>
      <line num="10" count="1" type="stmt"/>
      <line num="12" count="3" type="stmt"/>
      <line num="13" count="3" type="stmt"/>
      <line num="14" count="3" type="stmt"/>
      <line num="18" count="2" type="cond" truecount="4" falsecount="0"/>
      <line num="19" count="1" type="stmt"/>
      <line num="21" count="1" type="stmt"/>
      <line num="22" count="1" type="stmt"/>
      <line num="26" count="1" type="cond" truecount="3" falsecount="1"/>
      <line num="27" count="0" type="stmt"/>
      <line num="29" count="1" type="stmt"/>
      <line num="33" count="2" type="stmt"/>
    </file>
  </project>
</coverage>
