{"C:\\Users\\user\\Desktop\\dsw-poc-jest\\pruebas\\src\\juego.controller.ts": {"path":"C:\\Users\\user\\Desktop\\dsw-poc-jest\\pruebas\\src\\juego.controller.ts","statementMap":{"0":{"start":{"line":94,"column":9},"end":{"line":94,"column":27}},"1":{"start":{"line":94,"column":29},"end":{"line":94,"column":36}},"2":{"start":{"line":94,"column":38},"end":{"line":94,"column":45}},"3":{"start":{"line":94,"column":47},"end":{"line":94,"column":50}},"4":{"start":{"line":94,"column":52},"end":{"line":94,"column":58}},"5":{"start":{"line":94,"column":60},"end":{"line":94,"column":66}},"6":{"start":{"line":2,"column":0},"end":{"line":2,"column":28}},"7":{"start":{"line":3,"column":0},"end":{"line":3,"column":39}},"8":{"start":{"line":11,"column":2},"end":{"line":19,"column":4}},"9":{"start":{"line":22,"column":2},"end":{"line":26,"column":5}},"10":{"start":{"line":23,"column":4},"end":{"line":25,"column":5}},"11":{"start":{"line":24,"column":6},"end":{"line":24,"column":42}},"12":{"start":{"line":27,"column":2},"end":{"line":27,"column":9}},"13":{"start":{"line":30,"column":11},"end":{"line":30,"column":23}},"14":{"start":{"line":33,"column":2},"end":{"line":42,"column":3}},"15":{"start":{"line":34,"column":19},"end":{"line":37,"column":null}},"16":{"start":{"line":39,"column":4},"end":{"line":39,"column":71}},"17":{"start":{"line":41,"column":4},"end":{"line":41,"column":53}},"18":{"start":{"line":46,"column":2},"end":{"line":56,"column":3}},"19":{"start":{"line":47,"column":15},"end":{"line":47,"column":45}},"20":{"start":{"line":48,"column":18},"end":{"line":51,"column":null}},"21":{"start":{"line":53,"column":4},"end":{"line":53,"column":65}},"22":{"start":{"line":55,"column":4},"end":{"line":55,"column":53}},"23":{"start":{"line":60,"column":2},"end":{"line":66,"column":3}},"24":{"start":{"line":61,"column":18},"end":{"line":61,"column":59}},"25":{"start":{"line":62,"column":4},"end":{"line":62,"column":21}},"26":{"start":{"line":63,"column":4},"end":{"line":63,"column":67}},"27":{"start":{"line":65,"column":4},"end":{"line":65,"column":53}},"28":{"start":{"line":70,"column":2},"end":{"line":80,"column":3}},"29":{"start":{"line":71,"column":15},"end":{"line":71,"column":45}},"30":{"start":{"line":72,"column":26},"end":{"line":72,"column":63}},"31":{"start":{"line":73,"column":4},"end":{"line":73,"column":54}},"32":{"start":{"line":74,"column":4},"end":{"line":74,"column":21}},"33":{"start":{"line":75,"column":4},"end":{"line":77,"column":62}},"34":{"start":{"line":79,"column":4},"end":{"line":79,"column":53}},"35":{"start":{"line":84,"column":2},"end":{"line":91,"column":3}},"36":{"start":{"line":85,"column":15},"end":{"line":85,"column":45}},"37":{"start":{"line":86,"column":18},"end":{"line":86,"column":44}},"38":{"start":{"line":87,"column":4},"end":{"line":87,"column":35}},"39":{"start":{"line":88,"column":4},"end":{"line":88,"column":54}},"40":{"start":{"line":90,"column":4},"end":{"line":90,"column":53}}},"fnMap":{"0":{"name":"sanitizeJuegoInput","decl":{"start":{"line":6,"column":9},"end":{"line":6,"column":27}},"loc":{"start":{"line":9,"column":20},"end":{"line":28,"column":1}}},"1":{"name":"(anonymous_8)","decl":{"start":{"line":22,"column":47},"end":{"line":22,"column":48}},"loc":{"start":{"line":22,"column":55},"end":{"line":26,"column":3}}},"2":{"name":"findAll","decl":{"start":{"line":32,"column":15},"end":{"line":32,"column":22}},"loc":{"start":{"line":32,"column":50},"end":{"line":43,"column":null}}},"3":{"name":"findOne","decl":{"start":{"line":45,"column":15},"end":{"line":45,"column":22}},"loc":{"start":{"line":45,"column":50},"end":{"line":57,"column":null}}},"4":{"name":"add","decl":{"start":{"line":59,"column":15},"end":{"line":59,"column":18}},"loc":{"start":{"line":59,"column":46},"end":{"line":67,"column":null}}},"5":{"name":"update","decl":{"start":{"line":69,"column":15},"end":{"line":69,"column":21}},"loc":{"start":{"line":69,"column":49},"end":{"line":81,"column":null}}},"6":{"name":"remove","decl":{"start":{"line":83,"column":15},"end":{"line":83,"column":21}},"loc":{"start":{"line":83,"column":49},"end":{"line":92,"column":null}}}},"branchMap":{"0":{"loc":{"start":{"line":23,"column":4},"end":{"line":25,"column":5}},"type":"if","locations":[{"start":{"line":23,"column":4},"end":{"line":25,"column":5}},{"start":{},"end":{}}]}},"s":{"0":1,"1":1,"2":1,"3":1,"4":1,"5":1,"6":1,"7":1,"8":0,"9":0,"10":0,"11":0,"12":0,"13":1,"14":0,"15":0,"16":0,"17":0,"18":2,"19":2,"20":2,"21":1,"22":1,"23":0,"24":0,"25":0,"26":0,"27":0,"28":0,"29":0,"30":0,"31":0,"32":0,"33":0,"34":0,"35":0,"36":0,"37":0,"38":0,"39":0,"40":0},"f":{"0":0,"1":0,"2":0,"3":2,"4":0,"5":0,"6":0},"b":{"0":[0,0]}}
,"C:\\Users\\user\\Desktop\\dsw-poc-jest\\pruebas\\src\\juego.entity.ts": {"path":"C:\\Users\\user\\Desktop\\dsw-poc-jest\\pruebas\\src\\juego.entity.ts","statementMap":{"0":{"start":{"line":4,"column":4},"end":{"line":4,"column":31}},"1":{"start":{"line":2,"column":0},"end":{"line":2,"column":13}}},"fnMap":{"0":{"name":"(anonymous_0)","decl":{"start":{"line":3,"column":2},"end":{"line":3,"column":14}},"loc":{"start":{"line":3,"column":24},"end":{"line":5,"column":3}}}},"branchMap":{},"s":{"0":1,"1":1},"f":{"0":1},"b":{}}
,"C:\\Users\\user\\Desktop\\dsw-poc-jest\\pruebas\\src\\todos.ts": {"path":"C:\\Users\\user\\Desktop\\dsw-poc-jest\\pruebas\\src\\todos.ts","statementMap":{"0":{"start":{"line":5,"column":4},"end":{"line":5,"column":20}},"1":{"start":{"line":9,"column":4},"end":{"line":11,"column":5}},"2":{"start":{"line":10,"column":6},"end":{"line":10,"column":57}},"3":{"start":{"line":12,"column":20},"end":{"line":12,"column":41}},"4":{"start":{"line":13,"column":4},"end":{"line":13,"column":29}},"5":{"start":{"line":14,"column":4},"end":{"line":14,"column":19}},"6":{"start":{"line":18,"column":4},"end":{"line":20,"column":5}},"7":{"start":{"line":19,"column":6},"end":{"line":19,"column":39}},"8":{"start":{"line":21,"column":4},"end":{"line":21,"column":34}},"9":{"start":{"line":22,"column":4},"end":{"line":22,"column":29}},"10":{"start":{"line":26,"column":4},"end":{"line":28,"column":5}},"11":{"start":{"line":27,"column":6},"end":{"line":27,"column":39}},"12":{"start":{"line":29,"column":4},"end":{"line":29,"column":42}},"13":{"start":{"line":33,"column":4},"end":{"line":33,"column":22}},"14":{"start":{"line":1,"column":0},"end":{"line":1,"column":13}}},"fnMap":{"0":{"name":"(anonymous_0)","decl":{"start":{"line":4,"column":2},"end":{"line":4,"column":null}},"loc":{"start":{"line":4,"column":2},"end":{"line":6,"column":3}}},"1":{"name":"(anonymous_1)","decl":{"start":{"line":8,"column":2},"end":{"line":8,"column":5}},"loc":{"start":{"line":8,"column":18},"end":{"line":15,"column":3}}},"2":{"name":"(anonymous_2)","decl":{"start":{"line":17,"column":2},"end":{"line":17,"column":10}},"loc":{"start":{"line":17,"column":24},"end":{"line":23,"column":3}}},"3":{"name":"(anonymous_3)","decl":{"start":{"line":25,"column":2},"end":{"line":25,"column":8}},"loc":{"start":{"line":25,"column":22},"end":{"line":30,"column":3}}},"4":{"name":"(anonymous_4)","decl":{"start":{"line":32,"column":2},"end":{"line":32,"column":8}},"loc":{"start":{"line":32,"column":8},"end":{"line":34,"column":3}}}},"branchMap":{"0":{"loc":{"start":{"line":9,"column":4},"end":{"line":11,"column":5}},"type":"if","locations":[{"start":{"line":9,"column":4},"end":{"line":11,"column":5}},{"start":{},"end":{}}]},"1":{"loc":{"start":{"line":9,"column":8},"end":{"line":9,"column":41}},"type":"binary-expr","locations":[{"start":{"line":9,"column":8},"end":{"line":9,"column":13}},{"start":{"line":9,"column":17},"end":{"line":9,"column":41}}]},"2":{"loc":{"start":{"line":18,"column":4},"end":{"line":20,"column":5}},"type":"if","locations":[{"start":{"line":18,"column":4},"end":{"line":20,"column":5}},{"start":{},"end":{}}]},"3":{"loc":{"start":{"line":18,"column":8},"end":{"line":18,"column":47}},"type":"binary-expr","locations":[{"start":{"line":18,"column":8},"end":{"line":18,"column":17}},{"start":{"line":18,"column":21},"end":{"line":18,"column":47}}]},"4":{"loc":{"start":{"line":26,"column":4},"end":{"line":28,"column":5}},"type":"if","locations":[{"start":{"line":26,"column":4},"end":{"line":28,"column":5}},{"start":{},"end":{}}]},"5":{"loc":{"start":{"line":26,"column":8},"end":{"line":26,"column":47}},"type":"binary-expr","locations":[{"start":{"line":26,"column":8},"end":{"line":26,"column":17}},{"start":{"line":26,"column":21},"end":{"line":26,"column":47}}]}},"s":{"0":5,"1":4,"2":1,"3":3,"4":3,"5":3,"6":2,"7":1,"8":1,"9":1,"10":1,"11":0,"12":1,"13":2,"14":1},"f":{"0":5,"1":4,"2":2,"3":1,"4":2},"b":{"0":[1,3],"1":[4,3],"2":[1,1],"3":[2,2],"4":[0,1],"5":[1,1]}}
}
