TN:
SF:src\juego.controller.ts
FN:6,sanitizeJuegoInput
FN:22,(anonymous_8)
FN:32,findAll
FN:45,findOne
FN:59,add
FN:69,update
FN:83,remove
FNF:7
FNH:1
FNDA:0,sanitizeJuegoInput
FNDA:0,(anonymous_8)
FNDA:0,findAll
FNDA:2,findOne
FNDA:0,add
FNDA:0,update
FNDA:0,remove
DA:2,1
DA:3,1
DA:11,0
DA:22,0
DA:23,0
DA:24,0
DA:27,0
DA:30,1
DA:33,0
DA:34,0
DA:39,0
DA:41,0
DA:46,2
DA:47,2
DA:48,2
DA:53,1
DA:55,1
DA:60,0
DA:61,0
DA:62,0
DA:63,0
DA:65,0
DA:70,0
DA:71,0
DA:72,0
DA:73,0
DA:74,0
DA:75,0
DA:79,0
DA:84,0
DA:85,0
DA:86,0
DA:87,0
DA:88,0
DA:90,0
DA:94,1
LF:36
LH:9
BRDA:23,0,0,0
BRDA:23,0,1,0
BRF:2
BRH:0
end_of_record
TN:
SF:src\juego.entity.ts
FN:3,(anonymous_0)
FNF:1
FNH:1
FNDA:1,(anonymous_0)
DA:2,1
DA:4,1
LF:2
LH:2
BRF:0
BRH:0
end_of_record
TN:
SF:src\todos.ts
FN:4,(anonymous_0)
FN:8,(anonymous_1)
FN:17,(anonymous_2)
FN:25,(anonymous_3)
FN:32,(anonymous_4)
FNF:5
FNH:5
FNDA:5,(anonymous_0)
FNDA:4,(anonymous_1)
FNDA:2,(anonymous_2)
FNDA:1,(anonymous_3)
FNDA:2,(anonymous_4)
DA:1,1
DA:5,5
DA:9,4
DA:10,1
DA:12,3
DA:13,3
DA:14,3
DA:18,2
DA:19,1
DA:21,1
DA:22,1
DA:26,1
DA:27,0
DA:29,1
DA:33,2
LF:15
LH:14
BRDA:9,0,0,1
BRDA:9,0,1,3
BRDA:9,1,0,4
BRDA:9,1,1,3
BRDA:18,2,0,1
BRDA:18,2,1,1
BRDA:18,3,0,2
BRDA:18,3,1,2
BRDA:26,4,0,0
BRDA:26,4,1,1
BRDA:26,5,0,1
BRDA:26,5,1,1
BRF:12
BRH:11
end_of_record
